<?xml version="1.0" encoding="UTF-8"?>
<!-- Generated by org.testng.reporters.JUnitReportReporter -->
<testsuite hostname="LTUS156772" failures="0" tests="2" name="com.app.test.roughTest.RoughTest" time="0.010" errors="0" timestamp="2022-07-26T03:39:45 EDT" skipped="1">
  <testcase classname="com.app.test.roughTest.RoughTest" name="m2" time="0.010"/>
  <system-out/>
  <testcase classname="com.app.test.roughTest.RoughTest" name="m1">
    <skipped/>
  </testcase> <!-- m1 -->
  <system-out/>
</testsuite> <!-- com.app.test.roughTest.RoughTest -->
