<?xml version="1.0" encoding="UTF-8"?>
<!-- Generated by org.testng.reporters.JUnitReportReporter -->
<testsuite hostname="LTUS156772" failures="0" tests="1" name="com.app.test.AppTest" time="0.671" errors="0" timestamp="2022-07-26T04:22:43 EDT" skipped="0">
  <testcase classname="com.app.test.AppTest" name="main" time="0.671"/>
  <system-out/>
</testsuite> <!-- com.app.test.AppTest -->
